<?xml version="1.0" encoding="UTF-8"?>
<!-- Generated by org.testng.reporters.JUnitXMLReporter -->
<testsuite ignored="0" hostname="DESKTOP-L6AJ1SL" failures="0" tests="6" name="Surefire test" time="0.162" errors="0" timestamp="2021-07-05T11:24:42 UYT">
  <testcase classname="MauroConti.MavenJava.AppiumTest" name="IOSApp" time="0.017"/>
  <testcase classname="MauroConti.MavenJava.AppiumTest" name="NativeAppAndroid" time="0.002"/>
  <testcase classname="MauroConti.MavenJava.RESTAPITest" name="deletteTwitter" time="0.002"/>
  <testcase classname="MauroConti.MavenJava.RESTAPITest" name="postJira" time="0.001"/>
  <testcase classname="MauroConti.MavenJava.SeleniumTest" name="BrowserAutomation" time="0.001"/>
  <testcase classname="MauroConti.MavenJava.SeleniumTest" name="ElementUX" time="0.0"/>
</testsuite> <!-- Surefire test -->
